DEBUG - Meine Debug-Meldung
INFO - Meine Info-Meldung
WARN - Meine Warn-Meldung
ERROR - Meine Error-Meldung
FATAL - Meine Fatal-Meldung
DEBUG - Gamestate Name : PRODUCTION Gamestate State: RUNNING
DEBUG - Bacon Thread started!
DEBUG - Gamestate Name : PRODUCTION Gamestate State: RUNNING
DEBUG - Order info received:
DEBUG - Order 1:id: 1
product: P3
quantity_requested: 1
quantity_delivered: 0
delivery_period_begin: 18
delivery_period_end: 108
delivery_gate: ANY
team_color: CYAN

DEBUG - Startbutton is clicked
DEBUG - Laser Factory created
DEBUG - Laser created
INFO - Initialize TiM55x
DEBUG - Gamestate Name : PRODUCTION Gamestate State: RUNNING
DEBUG - Gamestate Name : PRODUCTION Gamestate State: RUNNING
DEBUG - Order info received:
DEBUG - Order 1:id: 1
product: P3
quantity_requested: 1
quantity_delivered: 0
delivery_period_begin: 18
delivery_period_end: 108
delivery_gate: ANY
team_color: CYAN

INFO - RUNNING
DEBUG - ************* STEP START_ROBO_3_IN_PRODUCTION *****************
DEBUG - Gamestate Name : PRODUCTION Gamestate State: RUNNING
DEBUG - Gamestate Name : PRODUCTION Gamestate State: RUNNING
DEBUG - Order info received:
DEBUG - Order 1:id: 1
product: P3
quantity_requested: 1
quantity_delivered: 0
delivery_period_begin: 18
delivery_period_end: 108
delivery_gate: ANY
team_color: CYAN

DEBUG - Gamestate Name : PRODUCTION Gamestate State: RUNNING
DEBUG - Gamestate Name : PRODUCTION Gamestate State: RUNNING
DEBUG - Order info received:
DEBUG - Order 1:id: 1
product: P3
quantity_requested: 1
quantity_delivered: 0
delivery_period_begin: 18
delivery_period_end: 108
delivery_gate: ANY
team_color: CYAN

DEBUG - Gamestate Name : PRODUCTION Gamestate State: RUNNING
DEBUG - Gamestate Name : PRODUCTION Gamestate State: RUNNING
DEBUG - Order info received:
DEBUG - Order 1:id: 1
product: P3
quantity_requested: 1
quantity_delivered: 0
delivery_period_begin: 18
delivery_period_end: 108
delivery_gate: ANY
team_color: CYAN

DEBUG - Gamestate Name : PRODUCTION Gamestate State: RUNNING
